# JRE version: 7.0_21-b11
# Java VM: Java HotSpot(TM) 64-Bit Server VM (23.21-b01 mixed mode windows-amd64 compressed oops)
Heap
 PSYoungGen      total 136320K, used 31611K [0x00000007d5e00000, 0x00000007deac0000, 0x0000000800000000)
  eden space 129088K, 20% used [0x00000007d5e00000,0x00000007d77522d0,0x00000007ddc10000)
  from space 7232K, 78% used [0x00000007de350000,0x00000007de8dc9a0,0x00000007dea60000)
  to   space 7424K, 0% used [0x00000007ddc10000,0x00000007ddc10000,0x00000007de350000)
 ParOldGen       total 86272K, used 24491K [0x0000000781a00000, 0x0000000786e40000, 0x00000007d5e00000)
  object space 86272K, 28% used [0x0000000781a00000,0x00000007831eaff8,0x0000000786e40000)
 PSPermGen       total 21248K, used 13210K [0x000000077c800000, 0x000000077dcc0000, 0x0000000781a00000)
  object space 21248K, 62% used [0x000000077c800000,0x000000077d4e6bb8,0x000000077dcc0000)
GC Heap History (10 events):
Event: 30.800 GC heap before
{Heap before GC invocations=2 (full 0):
 PSYoungGen      total 37696K, used 35120K [0x00000007d5e00000, 0x00000007d8810000, 0x0000000800000000)
  eden space 32320K, 100% used [0x00000007d5e00000,0x00000007d7d90000,0x00000007d7d90000)
  from space 5376K, 52% used [0x00000007d7d90000,0x00000007d804c380,0x00000007d82d0000)
  to   space 5376K, 0% used [0x00000007d82d0000,0x00000007d82d0000,0x00000007d8810000)
 ParOldGen       total 86272K, used 23655K [0x0000000781a00000, 0x0000000786e40000, 0x00000007d5e00000)
  object space 86272K, 27% used [0x0000000781a00000,0x0000000783119e30,0x0000000786e40000)
 PSPermGen       total 21248K, used 12404K [0x000000077c800000, 0x000000077dcc0000, 0x0000000781a00000)
  object space 21248K, 58% used [0x000000077c800000,0x000000077d41d0e0,0x000000077dcc0000)
Event: 30.804 GC heap after
Heap after GC invocations=2 (full 0):
 PSYoungGen      total 37696K, used 3032K [0x00000007d5e00000, 0x00000007da7a0000, 0x0000000800000000)
  eden space 32320K, 0% used [0x00000007d5e00000,0x00000007d5e00000,0x00000007d7d90000)
  from space 5376K, 56% used [0x00000007d82d0000,0x00000007d85c63d8,0x00000007d8810000)
  to   space 5376K, 0% used [0x00000007d7d90000,0x00000007d7d90000,0x00000007d82d0000)
 ParOldGen       total 86272K, used 23663K [0x0000000781a00000, 0x0000000786e40000, 0x00000007d5e00000)
  object space 86272K, 27% used [0x0000000781a00000,0x000000078311be30,0x0000000786e40000)
 PSPermGen       total 21248K, used 12404K [0x000000077c800000, 0x000000077dcc0000, 0x0000000781a00000)
  object space 21248K, 58% used [0x000000077c800000,0x000000077d41d0e0,0x000000077dcc0000)
}
Event: 31.601 GC heap before
{Heap before GC invocations=3 (full 0):
 PSYoungGen      total 37696K, used 35352K [0x00000007d5e00000, 0x00000007da7a0000, 0x0000000800000000)
  eden space 32320K, 100% used [0x00000007d5e00000,0x00000007d7d90000,0x00000007d7d90000)
  from space 5376K, 56% used [0x00000007d82d0000,0x00000007d85c63d8,0x00000007d8810000)
  to   space 5376K, 0% used [0x00000007d7d90000,0x00000007d7d90000,0x00000007d82d0000)
 ParOldGen       total 86272K, used 23663K [0x0000000781a00000, 0x0000000786e40000, 0x00000007d5e00000)
  object space 86272K, 27% used [0x0000000781a00000,0x000000078311be30,0x0000000786e40000)
 PSPermGen       total 21248K, used 13165K [0x000000077c800000, 0x000000077dcc0000, 0x0000000781a00000)
  object space 21248K, 61% used [0x000000077c800000,0x000000077d4db7d0,0x000000077dcc0000)
Event: 31.606 GC heap after
Heap after GC invocations=3 (full 0):
 PSYoungGen      total 37696K, used 5344K [0x00000007d5e00000, 0x00000007da7a0000, 0x0000000800000000)
  eden space 32320K, 0% used [0x00000007d5e00000,0x00000007d5e00000,0x00000007d7d90000)
  from space 5376K, 99% used [0x00000007d7d90000,0x00000007d82c8180,0x00000007d82d0000)
  to   space 5376K, 0% used [0x00000007da260000,0x00000007da260000,0x00000007da7a0000)
 ParOldGen       total 86272K, used 23756K [0x0000000781a00000, 0x0000000786e40000, 0x00000007d5e00000)
  object space 86272K, 27% used [0x0000000781a00000,0x0000000783133098,0x0000000786e40000)
 PSPermGen       total 21248K, used 13165K [0x000000077c800000, 0x000000077dcc0000, 0x0000000781a00000)
  object space 21248K, 61% used [0x000000077c800000,0x000000077d4db7d0,0x000000077dcc0000)
}
Event: 32.056 GC heap before
{Heap before GC invocations=4 (full 0):
 PSYoungGen      total 37696K, used 37664K [0x00000007d5e00000, 0x00000007da7a0000, 0x0000000800000000)
  eden space 32320K, 100% used [0x00000007d5e00000,0x00000007d7d90000,0x00000007d7d90000)
  from space 5376K, 99% used [0x00000007d7d90000,0x00000007d82c8180,0x00000007d82d0000)
  to   space 5376K, 0% used [0x00000007da260000,0x00000007da260000,0x00000007da7a0000)
 ParOldGen       total 86272K, used 23756K [0x0000000781a00000, 0x0000000786e40000, 0x00000007d5e00000)
  object space 86272K, 27% used [0x0000000781a00000,0x0000000783133098,0x0000000786e40000)
 PSPermGen       total 21248K, used 13208K [0x000000077c800000, 0x000000077dcc0000, 0x0000000781a00000)
  object space 21248K, 62% used [0x000000077c800000,0x000000077d4e6238,0x000000077dcc0000)
Event: 32.061 GC heap after
Heap after GC invocations=4 (full 0):
 PSYoungGen      total 70016K, used 5362K [0x00000007d5e00000, 0x00000007da7a0000, 0x0000000800000000)
  eden space 64640K, 0% used [0x00000007d5e00000,0x00000007d5e00000,0x00000007d9d20000)
  from space 5376K, 99% used [0x00000007da260000,0x00000007da79cbe0,0x00000007da7a0000)
  to   space 5376K, 0% used [0x00000007d9d20000,0x00000007d9d20000,0x00000007da260000)
 ParOldGen       total 86272K, used 24491K [0x0000000781a00000, 0x0000000786e40000, 0x00000007d5e00000)
  object space 86272K, 28% used [0x0000000781a00000,0x00000007831eaff8,0x0000000786e40000)
 PSPermGen       total 21248K, used 13208K [0x000000077c800000, 0x000000077dcc0000, 0x0000000781a00000)
  object space 21248K, 62% used [0x000000077c800000,0x000000077d4e6238,0x000000077dcc0000)
}
Event: 32.341 GC heap before
{Heap before GC invocations=5 (full 0):
 PSYoungGen      total 70016K, used 70002K [0x00000007d5e00000, 0x00000007da7a0000, 0x0000000800000000)
  eden space 64640K, 100% used [0x00000007d5e00000,0x00000007d9d20000,0x00000007d9d20000)
  from space 5376K, 99% used [0x00000007da260000,0x00000007da79cbe0,0x00000007da7a0000)
  to   space 5376K, 0% used [0x00000007d9d20000,0x00000007d9d20000,0x00000007da260000)
 ParOldGen       total 86272K, used 24491K [0x0000000781a00000, 0x0000000786e40000, 0x00000007d5e00000)
  object space 86272K, 28% used [0x0000000781a00000,0x00000007831eaff8,0x0000000786e40000)
 PSPermGen       total 21248K, used 13208K [0x000000077c800000, 0x000000077dcc0000, 0x0000000781a00000)
  object space 21248K, 62% used [0x000000077c800000,0x000000077d4e6238,0x000000077dcc0000)
Event: 32.345 GC heap after
Heap after GC invocations=5 (full 0):
 PSYoungGen      total 70016K, used 5369K [0x00000007d5e00000, 0x00000007dea60000, 0x0000000800000000)
  eden space 64640K, 0% used [0x00000007d5e00000,0x00000007d5e00000,0x00000007d9d20000)
  from space 5376K, 99% used [0x00000007d9d20000,0x00000007da25e680,0x00000007da260000)
  to   space 7232K, 0% used [0x00000007de350000,0x00000007de350000,0x00000007dea60000)
 ParOldGen       total 86272K, used 24491K [0x0000000781a00000, 0x0000000786e40000, 0x00000007d5e00000)
  object space 86272K, 28% used [0x0000000781a00000,0x00000007831eaff8,0x0000000786e40000)
 PSPermGen       total 21248K, used 13208K [0x000000077c800000, 0x000000077dcc0000, 0x0000000781a00000)
  object space 21248K, 62% used [0x000000077c800000,0x000000077d4e6238,0x000000077dcc0000)
}
Event: 32.612 GC heap before
{Heap before GC invocations=6 (full 0):
 PSYoungGen      total 70016K, used 70009K [0x00000007d5e00000, 0x00000007dea60000, 0x0000000800000000)
  eden space 64640K, 100% used [0x00000007d5e00000,0x00000007d9d20000,0x00000007d9d20000)
  from space 5376K, 99% used [0x00000007d9d20000,0x00000007da25e680,0x00000007da260000)
  to   space 7232K, 0% used [0x00000007de350000,0x00000007de350000,0x00000007dea60000)
 ParOldGen       total 86272K, used 24491K [0x0000000781a00000, 0x0000000786e40000, 0x00000007d5e00000)
  object space 86272K, 28% used [0x0000000781a00000,0x00000007831eaff8,0x0000000786e40000)
 PSPermGen       total 21248K, used 13208K [0x000000077c800000, 0x000000077dcc0000, 0x0000000781a00000)
  object space 21248K, 62% used [0x000000077c800000,0x000000077d4e6238,0x000000077dcc0000)
Event: 32.617 GC heap after
Heap after GC invocations=6 (full 0):
 PSYoungGen      total 136320K, used 5682K [0x00000007d5e00000, 0x00000007deac0000, 0x0000000800000000)
  eden space 129088K, 0% used [0x00000007d5e00000,0x00000007d5e00000,0x00000007ddc10000)
  from space 7232K, 78% used [0x00000007de350000,0x00000007de8dc9a0,0x00000007dea60000)
  to   space 7424K, 0% used [0x00000007ddc10000,0x00000007ddc10000,0x00000007de350000)
 ParOldGen       total 86272K, used 24491K [0x0000000781a00000, 0x0000000786e40000, 0x00000007d5e00000)
  object space 86272K, 28% used [0x0000000781a00000,0x00000007831eaff8,0x0000000786e40000)
 PSPermGen       total 21248K, used 13208K [0x000000077c800000, 0x000000077dcc0000, 0x0000000781a00000)
  object space 21248K, 62% used [0x000000077c800000,0x000000077d4e6238,0x000000077dcc0000)
}

